<?xml version="1.0" encoding="UTF-8"?>
<!-- Generated by org.testng.reporters.JUnitReportReporter -->
<testsuite hostname="LAPTOP-SNB50MKR" failures="0" tests="1" name="SeleniumPrograms.CallenderDates" time="5.514" errors="0" timestamp="2023-04-22T10:34:21 IST" skipped="0">
  <testcase classname="SeleniumPrograms.CallenderDates" name="setup" time="5.514"/>
  <system-out/>
</testsuite> <!-- SeleniumPrograms.CallenderDates -->
