<?xml version="1.0" encoding="UTF-8"?>
<!-- Generated by org.testng.reporters.JUnitReportReporter -->
<testsuite hostname="LAPTOP-SNB50MKR" failures="0" tests="1" name="SeleniumPrograms.CallenderDates" time="29.522" errors="0" timestamp="2023-03-01T22:48:01 IST" skipped="0">
  <testcase classname="SeleniumPrograms.CallenderDates" name="setup" time="29.522"/>
  <system-out/>
</testsuite> <!-- SeleniumPrograms.CallenderDates -->
